Determining if the pthread_create exist failed with the following output:
Change Dir: /root/Documents/roswork/DJIChallenge2016_new/src/build/CMakeFiles/CMakeTmp

Run Build Command:/usr/bin/make "cmTryCompileExec694041300/fast"
/usr/bin/make -f CMakeFiles/cmTryCompileExec694041300.dir/build.make CMakeFiles/cmTryCompileExec694041300.dir/build
make[1]: Entering directory `/root/Documents/roswork/DJIChallenge2016_new/src/build/CMakeFiles/CMakeTmp'
/usr/bin/cmake -E cmake_progress_report /root/Documents/roswork/DJIChallenge2016_new/src/build/CMakeFiles/CMakeTmp/CMakeFiles 1
Building C object CMakeFiles/cmTryCompileExec694041300.dir/CheckSymbolExists.c.o
/usr/bin/cc    -o CMakeFiles/cmTryCompileExec694041300.dir/CheckSymbolExists.c.o   -c /root/Documents/roswork/DJIChallenge2016_new/src/build/CMakeFiles/CMakeTmp/CheckSymbolExists.c
Linking C executable cmTryCompileExec694041300
/usr/bin/cmake -E cmake_link_script CMakeFiles/cmTryCompileExec694041300.dir/link.txt --verbose=1
/usr/bin/cc       CMakeFiles/cmTryCompileExec694041300.dir/CheckSymbolExists.c.o  -o cmTryCompileExec694041300 -rdynamic 
CMakeFiles/cmTryCompileExec694041300.dir/CheckSymbolExists.c.o: In function `main':
CheckSymbolExists.c:(.text+0xe): undefined reference to `pthread_create'
CheckSymbolExists.c:(.text+0x12): undefined reference to `pthread_create'
collect2: error: ld returned 1 exit status
make[1]: Leaving directory `/root/Documents/roswork/DJIChallenge2016_new/src/build/CMakeFiles/CMakeTmp'
make[1]: *** [cmTryCompileExec694041300] Error 1
make: *** [cmTryCompileExec694041300/fast] Error 2

File /root/Documents/roswork/DJIChallenge2016_new/src/build/CMakeFiles/CMakeTmp/CheckSymbolExists.c:
/* */
#include <pthread.h>

int main(int argc, char** argv)
{
  (void)argv;
#ifndef pthread_create
  return ((int*)(&pthread_create))[argc];
#else
  (void)argc;
  return 0;
#endif
}

Determining if the function pthread_create exists in the pthreads failed with the following output:
Change Dir: /root/Documents/roswork/DJIChallenge2016_new/src/build/CMakeFiles/CMakeTmp

Run Build Command:/usr/bin/make "cmTryCompileExec3332061876/fast"
/usr/bin/make -f CMakeFiles/cmTryCompileExec3332061876.dir/build.make CMakeFiles/cmTryCompileExec3332061876.dir/build
make[1]: Entering directory `/root/Documents/roswork/DJIChallenge2016_new/src/build/CMakeFiles/CMakeTmp'
/usr/bin/cmake -E cmake_progress_report /root/Documents/roswork/DJIChallenge2016_new/src/build/CMakeFiles/CMakeTmp/CMakeFiles 1
Building C object CMakeFiles/cmTryCompileExec3332061876.dir/CheckFunctionExists.c.o
/usr/bin/cc   -DCHECK_FUNCTION_EXISTS=pthread_create   -o CMakeFiles/cmTryCompileExec3332061876.dir/CheckFunctionExists.c.o   -c /usr/share/cmake-2.8/Modules/CheckFunctionExists.c
Linking C executable cmTryCompileExec3332061876
/usr/bin/cmake -E cmake_link_script CMakeFiles/cmTryCompileExec3332061876.dir/link.txt --verbose=1
/usr/bin/cc   -DCHECK_FUNCTION_EXISTS=pthread_create    CMakeFiles/cmTryCompileExec3332061876.dir/CheckFunctionExists.c.o  -o cmTryCompileExec3332061876 -rdynamic -lpthreads 
/usr/bin/ld: cannot find -lpthreads
collect2: error: ld returned 1 exit status
make[1]: *** [cmTryCompileExec3332061876] Error 1
make[1]: Leaving directory `/root/Documents/roswork/DJIChallenge2016_new/src/build/CMakeFiles/CMakeTmp'
make: *** [cmTryCompileExec3332061876/fast] Error 2


